2021-01-20T07:56:21.657Z - normal: Load ~/.CocosCreator/settings.json
2021-01-20T07:56:21.705Z - normal: Initializing Asset Database
2021-01-20T07:56:21.707Z - normal: checking language setting...
2021-01-20T07:56:21.708Z - normal: Language: zh
2021-01-20T07:56:22.230Z - success: preview server running at http://localhost:7456
2021-01-20T07:56:22.245Z - success: protocol editor-framework registered
2021-01-20T07:56:22.245Z - success: protocol app registered
2021-01-20T07:56:22.245Z - success: protocol theme registered
2021-01-20T07:56:22.245Z - success: protocol packages registered
2021-01-20T07:56:22.246Z - success: protocol uuid registerred
2021-01-20T07:56:22.246Z - success: protocol db registerred
2021-01-20T07:56:22.246Z - success: protocol thumbnail registerred
2021-01-20T07:56:22.246Z - success: protocol unpack registerred
2021-01-20T07:56:22.246Z - success: protocol disable-commonjs registerred
2021-01-20T07:56:22.350Z - normal: connected!
2021-01-20T07:56:22.352Z - normal: Check project /Users/apple/Documents/tutorial-first-game/gainStar
2021-01-20T07:56:22.355Z - normal: Initializing project /Users/apple/Documents/tutorial-first-game/gainStar
2021-01-20T07:56:22.656Z - normal: Initializing Cocos2d
2021-01-20T07:56:23.121Z - normal: Initializing engine extends
2021-01-20T07:56:23.143Z - success: asset-db-debugger loaded
2021-01-20T07:56:23.148Z - success: baidu-adapter loaded
2021-01-20T07:56:23.157Z - success: color-picker loaded
2021-01-20T07:56:23.220Z - success: fb-audience-network loaded
2021-01-20T07:56:23.251Z - success: fb-live-stream loaded
2021-01-20T07:56:23.254Z - success: google-play-instant loaded
2021-01-20T07:56:23.257Z - success: huawei-runtime loaded
2021-01-20T07:56:23.258Z - success: jsb-adapter loaded
2021-01-20T07:56:23.261Z - success: oppo-runtime loaded
2021-01-20T07:56:23.265Z - success: package-manager loaded
2021-01-20T07:56:23.340Z - success: qqplay-adapter loaded
2021-01-20T07:56:23.342Z - success: runtime-dev-tools loaded
2021-01-20T07:56:23.345Z - success: sdkbox loaded
2021-01-20T07:56:23.349Z - success: tester loaded
2021-01-20T07:56:23.353Z - success: ui-grid loaded
2021-01-20T07:56:23.356Z - success: ui-kit-preview-extra loaded
2021-01-20T07:56:23.359Z - success: ui-kit-preview loaded
2021-01-20T07:56:23.362Z - success: ui-kit loaded
2021-01-20T07:56:23.365Z - success: ui-tree loaded
2021-01-20T07:56:23.368Z - success: vivo-runtime loaded
2021-01-20T07:56:23.369Z - success: weapp-adapter loaded
2021-01-20T07:56:23.400Z - success: assets loaded
2021-01-20T07:56:23.403Z - success: builder loaded
2021-01-20T07:56:23.569Z - success: cocos-services loaded
2021-01-20T07:56:23.574Z - success: console loaded
2021-01-20T07:56:23.600Z - success: fb-instant-games loaded
2021-01-20T07:56:23.605Z - success: game-window loaded
2021-01-20T07:56:23.607Z - success: google-instant-games loaded
2021-01-20T07:56:23.611Z - success: hierarchy loaded
2021-01-20T07:56:23.615Z - success: inspector loaded
2021-01-20T07:56:23.617Z - success: keystore loaded
2021-01-20T07:56:23.621Z - success: node-library loaded
2021-01-20T07:56:23.623Z - success: package-asset loaded
2021-01-20T07:56:23.626Z - success: preferences loaded
2021-01-20T07:56:23.629Z - success: project-exporter loaded
2021-01-20T07:56:23.633Z - success: project-importer loaded
2021-01-20T07:56:23.636Z - success: project-settings loaded
2021-01-20T07:56:23.640Z - success: scene loaded
2021-01-20T07:56:23.641Z - success: simulator-debugger loaded
2021-01-20T07:56:23.642Z - success: sprite-editor loaded
2021-01-20T07:56:23.645Z - success: store loaded
2021-01-20T07:56:23.650Z - success: timeline loaded
2021-01-20T07:56:24.752Z - info: Cocos Services load base data!
2021-01-20T07:56:27.773Z - normal: Loading packages
2021-01-20T07:56:27.778Z - normal: Watching packages
2021-01-20T07:56:27.848Z - normal: Run Application
2021-01-20T08:07:24.367Z - failed: Can not found the asset db://assets/textures/star.png/star
2021-01-20T08:17:39.905Z - info: 只有预制节点 "star" 及其子节点会被保存。
2021-01-20T08:17:52.381Z - info: 只有预制节点 "star" 及其子节点会被保存。
2021-01-20T08:18:38.737Z - info: 只有预制节点 "star" 及其子节点会被保存。
2021-01-20T08:19:05.997Z - info: 只有预制节点 "star" 及其子节点会被保存。
